c:\users\beautiful\documents\visual studio 2017\projects\project5\project5\debug\vc141.pdb
c:\users\beautiful\documents\visual studio 2017\projects\project5\project5\debug\vc141.idb
c:\users\beautiful\documents\visual studio 2017\projects\project5\project5\debug\source.obj
c:\users\beautiful\documents\visual studio 2017\projects\project5\project5\debug\main.sbr
c:\users\beautiful\documents\visual studio 2017\projects\project5\project5\debug\initialization.sbr
c:\users\beautiful\documents\visual studio 2017\projects\project5\project5\debug\cleaning.obj
c:\users\beautiful\documents\visual studio 2017\projects\project5\project5\debug\cleaning.sbr
c:\users\beautiful\documents\visual studio 2017\projects\project5\project5\debug\surface.sbr
c:\users\beautiful\documents\visual studio 2017\projects\project5\project5\debug\rendering.sbr
c:\users\beautiful\documents\visual studio 2017\projects\project5\project5\debug\rendering.obj
c:\users\beautiful\documents\visual studio 2017\projects\project5\project5\debug\devent.sbr
c:\users\beautiful\documents\visual studio 2017\projects\project5\project5\debug\devent.obj
c:\users\beautiful\documents\visual studio 2017\projects\project5\project5\debug\game.sbr
c:\users\beautiful\documents\visual studio 2017\projects\project5\project5\debug\game.obj
c:\users\beautiful\documents\visual studio 2017\projects\project5\project5\debug\texturemanager.sbr
c:\users\beautiful\documents\visual studio 2017\projects\project5\project5\debug\initialization.obj
c:\users\beautiful\documents\visual studio 2017\projects\project5\project5\debug\texturemanager.obj
c:\users\beautiful\documents\visual studio 2017\projects\project5\project5\debug\map.sbr
c:\users\beautiful\documents\visual studio 2017\projects\project5\project5\debug\map.obj
c:\users\beautiful\documents\visual studio 2017\projects\project5\project5\debug\onevent.sbr
c:\users\beautiful\documents\visual studio 2017\projects\project5\project5\debug\gamecharacter.sbr
c:\users\beautiful\documents\visual studio 2017\projects\project5\project5\debug\onevent.obj
c:\users\beautiful\documents\visual studio 2017\projects\project5\project5\debug\gamecharacter.obj
c:\users\beautiful\documents\visual studio 2017\projects\project5\project5\debug\vector2d.sbr
c:\users\beautiful\documents\visual studio 2017\projects\project5\project5\debug\vector2d.obj
c:\users\beautiful\documents\visual studio 2017\projects\project5\project5\debug\collision.sbr
c:\users\beautiful\documents\visual studio 2017\projects\project5\project5\debug\collision.obj
c:\users\beautiful\documents\visual studio 2017\projects\project5\project5\debug\movinglogic.sbr
c:\users\beautiful\documents\visual studio 2017\projects\project5\project5\debug\movinglogic.obj
c:\users\beautiful\documents\visual studio 2017\projects\project5\project5\debug\paths.sbr
c:\users\beautiful\documents\visual studio 2017\projects\project5\project5\debug\paths.obj
c:\users\beautiful\documents\visual studio 2017\projects\project5\project5\debug\ecs.sbr
c:\users\beautiful\documents\visual studio 2017\projects\project5\project5\debug\ecs.obj
c:\users\beautiful\documents\visual studio 2017\projects\project5\debug\project5.lib
c:\users\beautiful\documents\visual studio 2017\projects\project5\debug\project5.exp
c:\users\beautiful\documents\visual studio 2017\projects\project5\project5\debug\event.obj
c:\users\beautiful\documents\visual studio 2017\projects\project5\project5\debug\image.obj
c:\users\beautiful\documents\visual studio 2017\projects\project5\project5\debug\onloop.obj
c:\users\beautiful\documents\visual studio 2017\projects\project5\project5\debug\surface.obj
c:\users\beautiful\documents\visual studio 2017\projects\project5\project5\debug\main.obj.enc
c:\users\beautiful\documents\visual studio 2017\projects\project5\project5\debug\charactercontroller.sbr
c:\users\beautiful\documents\visual studio 2017\projects\project5\project5\debug\digger.sbr
c:\users\beautiful\documents\visual studio 2017\projects\project5\project5\debug\drawer.sbr
c:\users\beautiful\documents\visual studio 2017\projects\project5\project5\debug\event.sbr
c:\users\beautiful\documents\visual studio 2017\projects\project5\project5\debug\image.sbr
c:\users\beautiful\documents\visual studio 2017\projects\project5\project5\debug\onloop.sbr
c:\users\beautiful\documents\visual studio 2017\projects\project5\debug\project5.pdb
c:\users\beautiful\documents\visual studio 2017\projects\project5\debug\project5.bsc
c:\users\beautiful\documents\visual studio 2017\projects\project5\debug\project5.ilk
c:\users\beautiful\documents\visual studio 2017\projects\project5\project5\debug\project5.tlog\bscmake.command.1.tlog
c:\users\beautiful\documents\visual studio 2017\projects\project5\project5\debug\project5.tlog\bscmake.read.1.tlog
c:\users\beautiful\documents\visual studio 2017\projects\project5\project5\debug\project5.tlog\cl.command.1.tlog
c:\users\beautiful\documents\visual studio 2017\projects\project5\project5\debug\project5.tlog\cl.read.1.tlog
c:\users\beautiful\documents\visual studio 2017\projects\project5\project5\debug\project5.tlog\cl.write.1.tlog
c:\users\beautiful\documents\visual studio 2017\projects\project5\project5\debug\project5.tlog\link.command.1.tlog
c:\users\beautiful\documents\visual studio 2017\projects\project5\project5\debug\project5.tlog\link.delete.1.tlog
c:\users\beautiful\documents\visual studio 2017\projects\project5\project5\debug\project5.tlog\link.read.1.tlog
c:\users\beautiful\documents\visual studio 2017\projects\project5\project5\debug\project5.tlog\link.write.1.tlog
c:\users\beautiful\documents\visual studio 2017\projects\project5\project5\debug\project5.tlog\project5.write.1u.tlog
